2020-03-26 10:04:45,422 [restartedMain] INFO  [com.example.DemoApplication] StartupInfoLogger.java:55 - Starting DemoApplication on LAPTOP-E8R9KGAS with PID 15440 (D:\IdeaProjects\demo\target\classes started by zxs in D:\IdeaProjects\demo)
2020-03-26 10:04:45,426 [restartedMain] INFO  [com.example.DemoApplication] SpringApplication.java:651 - No active profile set, falling back to default profiles: default
2020-03-26 10:04:45,483 [restartedMain] INFO  [o.s.b.d.env.DevToolsPropertyDefaultsPostProcessor] DeferredLog.java:225 - Devtools property defaults active! Set 'spring.devtools.add-properties' to 'false' to disable
2020-03-26 10:04:45,484 [restartedMain] INFO  [o.s.b.d.env.DevToolsPropertyDefaultsPostProcessor] DeferredLog.java:225 - For additional web related logging consider setting the 'logging.level.web' property to 'DEBUG'
2020-03-26 10:04:47,374 [restartedMain] INFO  [o.s.c.s.PostProcessorRegistrationDelegate$BeanPostProcessorChecker] PostProcessorRegistrationDelegate.java:330 - Bean 'druid-stat-pointcut' of type [org.springframework.aop.support.JdkRegexpMethodPointcut] is not eligible for getting processed by all BeanPostProcessors (for example: not eligible for auto-proxying)
2020-03-26 10:04:47,377 [restartedMain] INFO  [o.s.c.s.PostProcessorRegistrationDelegate$BeanPostProcessorChecker] PostProcessorRegistrationDelegate.java:330 - Bean 'org.springframework.aop.support.DefaultBeanFactoryPointcutAdvisor#0' of type [org.springframework.aop.support.DefaultBeanFactoryPointcutAdvisor] is not eligible for getting processed by all BeanPostProcessors (for example: not eligible for auto-proxying)
2020-03-26 10:04:47,428 [restartedMain] INFO  [o.s.c.s.PostProcessorRegistrationDelegate$BeanPostProcessorChecker] PostProcessorRegistrationDelegate.java:330 - Bean 'shiroConfig' of type [com.example.config.ShiroConfig$$EnhancerBySpringCGLIB$$730ccff8] is not eligible for getting processed by all BeanPostProcessors (for example: not eligible for auto-proxying)
2020-03-26 10:04:47,650 [restartedMain] INFO  [o.s.c.s.PostProcessorRegistrationDelegate$BeanPostProcessorChecker] PostProcessorRegistrationDelegate.java:330 - Bean 'mybatis-plus-com.baomidou.mybatisplus.autoconfigure.MybatisPlusProperties' of type [com.baomidou.mybatisplus.autoconfigure.MybatisPlusProperties] is not eligible for getting processed by all BeanPostProcessors (for example: not eligible for auto-proxying)
2020-03-26 10:04:47,658 [restartedMain] INFO  [o.s.c.s.PostProcessorRegistrationDelegate$BeanPostProcessorChecker] PostProcessorRegistrationDelegate.java:330 - Bean 'com.baomidou.mybatisplus.autoconfigure.MybatisPlusAutoConfiguration' of type [com.baomidou.mybatisplus.autoconfigure.MybatisPlusAutoConfiguration$$EnhancerBySpringCGLIB$$91af0ad5] is not eligible for getting processed by all BeanPostProcessors (for example: not eligible for auto-proxying)
2020-03-26 10:04:47,661 [restartedMain] INFO  [o.s.c.s.PostProcessorRegistrationDelegate$BeanPostProcessorChecker] PostProcessorRegistrationDelegate.java:330 - Bean 'com.example.druidconfig.config.DruidConfiguration$Druid' of type [com.example.druidconfig.config.DruidConfiguration$Druid] is not eligible for getting processed by all BeanPostProcessors (for example: not eligible for auto-proxying)
2020-03-26 10:04:47,677 [restartedMain] INFO  [o.s.c.s.PostProcessorRegistrationDelegate$BeanPostProcessorChecker] PostProcessorRegistrationDelegate.java:330 - Bean 'spring.datasource-org.springframework.boot.autoconfigure.jdbc.DataSourceProperties' of type [org.springframework.boot.autoconfigure.jdbc.DataSourceProperties] is not eligible for getting processed by all BeanPostProcessors (for example: not eligible for auto-proxying)
2020-03-26 10:04:47,774 [restartedMain] INFO  [o.s.c.s.PostProcessorRegistrationDelegate$BeanPostProcessorChecker] PostProcessorRegistrationDelegate.java:330 - Bean 'dataSource' of type [com.alibaba.druid.pool.DruidDataSource] is not eligible for getting processed by all BeanPostProcessors (for example: not eligible for auto-proxying)
2020-03-26 10:04:47,795 [restartedMain] INFO  [o.s.c.s.PostProcessorRegistrationDelegate$BeanPostProcessorChecker] PostProcessorRegistrationDelegate.java:330 - Bean 'org.springframework.boot.autoconfigure.jdbc.DataSourceInitializerInvoker' of type [org.springframework.boot.autoconfigure.jdbc.DataSourceInitializerInvoker] is not eligible for getting processed by all BeanPostProcessors (for example: not eligible for auto-proxying)
2020-03-26 10:04:48,082 [restartedMain] INFO  [o.s.c.s.PostProcessorRegistrationDelegate$BeanPostProcessorChecker] PostProcessorRegistrationDelegate.java:330 - Bean 'sqlSessionFactory' of type [org.apache.ibatis.session.defaults.DefaultSqlSessionFactory] is not eligible for getting processed by all BeanPostProcessors (for example: not eligible for auto-proxying)
2020-03-26 10:04:48,087 [restartedMain] INFO  [o.s.c.s.PostProcessorRegistrationDelegate$BeanPostProcessorChecker] PostProcessorRegistrationDelegate.java:330 - Bean 'sqlSessionTemplate' of type [org.mybatis.spring.SqlSessionTemplate] is not eligible for getting processed by all BeanPostProcessors (for example: not eligible for auto-proxying)
2020-03-26 10:04:48,089 [restartedMain] INFO  [o.s.c.s.PostProcessorRegistrationDelegate$BeanPostProcessorChecker] PostProcessorRegistrationDelegate.java:330 - Bean 'sysUserMapper' of type [org.mybatis.spring.mapper.MapperFactoryBean] is not eligible for getting processed by all BeanPostProcessors (for example: not eligible for auto-proxying)
2020-03-26 10:04:48,092 [restartedMain] INFO  [o.s.c.s.PostProcessorRegistrationDelegate$BeanPostProcessorChecker] PostProcessorRegistrationDelegate.java:330 - Bean 'sysUserMapper' of type [com.sun.proxy.$Proxy76] is not eligible for getting processed by all BeanPostProcessors (for example: not eligible for auto-proxying)
2020-03-26 10:04:48,103 [restartedMain] INFO  [o.s.c.s.PostProcessorRegistrationDelegate$BeanPostProcessorChecker] PostProcessorRegistrationDelegate.java:330 - Bean 'druid-stat-interceptor' of type [com.alibaba.druid.support.spring.stat.DruidStatInterceptor] is not eligible for getting processed by all BeanPostProcessors (for example: not eligible for auto-proxying)
2020-03-26 10:04:48,150 [restartedMain] INFO  [o.s.c.s.PostProcessorRegistrationDelegate$BeanPostProcessorChecker] PostProcessorRegistrationDelegate.java:330 - Bean 'sysMenuMapper' of type [org.mybatis.spring.mapper.MapperFactoryBean] is not eligible for getting processed by all BeanPostProcessors (for example: not eligible for auto-proxying)
2020-03-26 10:04:48,152 [restartedMain] INFO  [o.s.c.s.PostProcessorRegistrationDelegate$BeanPostProcessorChecker] PostProcessorRegistrationDelegate.java:330 - Bean 'sysMenuMapper' of type [com.sun.proxy.$Proxy78] is not eligible for getting processed by all BeanPostProcessors (for example: not eligible for auto-proxying)
2020-03-26 10:04:48,154 [restartedMain] INFO  [o.s.c.s.PostProcessorRegistrationDelegate$BeanPostProcessorChecker] PostProcessorRegistrationDelegate.java:330 - Bean 'getUserRealm' of type [com.example.shiro.UserRealm] is not eligible for getting processed by all BeanPostProcessors (for example: not eligible for auto-proxying)
2020-03-26 10:04:48,888 [restartedMain] INFO  [o.s.c.s.PostProcessorRegistrationDelegate$BeanPostProcessorChecker] PostProcessorRegistrationDelegate.java:330 - Bean 'getSecurityManager' of type [org.apache.shiro.web.mgt.DefaultWebSecurityManager] is not eligible for getting processed by all BeanPostProcessors (for example: not eligible for auto-proxying)
2020-03-26 10:04:48,902 [restartedMain] INFO  [o.s.c.s.PostProcessorRegistrationDelegate$BeanPostProcessorChecker] PostProcessorRegistrationDelegate.java:330 - Bean 'authorizationAttributeSourceAdvisor' of type [org.apache.shiro.spring.security.interceptor.AuthorizationAttributeSourceAdvisor] is not eligible for getting processed by all BeanPostProcessors (for example: not eligible for auto-proxying)
2020-03-26 10:04:49,292 [restartedMain] INFO  [o.s.boot.web.embedded.tomcat.TomcatWebServer] TomcatWebServer.java:92 - Tomcat initialized with port(s): 8081 (http)
2020-03-26 10:04:49,304 [restartedMain] INFO  [org.apache.catalina.core.StandardService] DirectJDKLog.java:173 - Starting service [Tomcat]
2020-03-26 10:04:49,304 [restartedMain] INFO  [org.apache.catalina.core.StandardEngine] DirectJDKLog.java:173 - Starting Servlet engine: [Apache Tomcat/9.0.31]
2020-03-26 10:04:49,425 [restartedMain] INFO  [o.a.c.c.C.[Tomcat].[localhost].[/shiro]] DirectJDKLog.java:173 - Initializing Spring embedded WebApplicationContext
2020-03-26 10:04:49,425 [restartedMain] INFO  [org.springframework.web.context.ContextLoader] ServletWebServerApplicationContext.java:284 - Root WebApplicationContext: initialization completed in 3941 ms
2020-03-26 10:04:50,135 [restartedMain] INFO  [o.s.scheduling.concurrent.ThreadPoolTaskExecutor] ExecutorConfigurationSupport.java:181 - Initializing ExecutorService 'applicationTaskExecutor'
2020-03-26 10:04:50,544 [restartedMain] INFO  [o.s.b.d.autoconfigure.OptionalLiveReloadServer] OptionalLiveReloadServer.java:58 - LiveReload server is running on port 35729
2020-03-26 10:04:50,635 [restartedMain] INFO  [o.s.boot.web.embedded.tomcat.TomcatWebServer] TomcatWebServer.java:204 - Tomcat started on port(s): 8081 (http) with context path '/shiro'
2020-03-26 10:04:50,638 [restartedMain] INFO  [com.example.DemoApplication] StartupInfoLogger.java:61 - Started DemoApplication in 6.105 seconds (JVM running for 9.181)
2020-03-26 10:04:50,641 [restartedMain] INFO  [com.example.DemoApplication] DemoApplication.java:23 - Spring boot启动初始化了 216 个 Bean
2020-03-26 10:04:50,642 [restartedMain] WARN  [com.example.DemoApplication] DemoApplication.java:24 - Spring boot启动初始化了 216 个 Bean
2020-03-26 14:22:06,912 [restartedMain] INFO  [com.example.DemoApplication] StartupInfoLogger.java:55 - Starting DemoApplication on LAPTOP-E8R9KGAS with PID 13728 (D:\IdeaProjects\demo\target\classes started by zxs in D:\IdeaProjects\demo)
2020-03-26 14:22:06,916 [restartedMain] INFO  [com.example.DemoApplication] SpringApplication.java:651 - No active profile set, falling back to default profiles: default
2020-03-26 14:22:06,952 [restartedMain] INFO  [o.s.b.d.env.DevToolsPropertyDefaultsPostProcessor] DeferredLog.java:225 - Devtools property defaults active! Set 'spring.devtools.add-properties' to 'false' to disable
2020-03-26 14:22:06,952 [restartedMain] INFO  [o.s.b.d.env.DevToolsPropertyDefaultsPostProcessor] DeferredLog.java:225 - For additional web related logging consider setting the 'logging.level.web' property to 'DEBUG'
2020-03-26 14:22:07,930 [restartedMain] INFO  [o.s.c.s.PostProcessorRegistrationDelegate$BeanPostProcessorChecker] PostProcessorRegistrationDelegate.java:330 - Bean 'druid-stat-pointcut' of type [org.springframework.aop.support.JdkRegexpMethodPointcut] is not eligible for getting processed by all BeanPostProcessors (for example: not eligible for auto-proxying)
2020-03-26 14:22:07,930 [restartedMain] INFO  [o.s.c.s.PostProcessorRegistrationDelegate$BeanPostProcessorChecker] PostProcessorRegistrationDelegate.java:330 - Bean 'org.springframework.aop.support.DefaultBeanFactoryPointcutAdvisor#0' of type [org.springframework.aop.support.DefaultBeanFactoryPointcutAdvisor] is not eligible for getting processed by all BeanPostProcessors (for example: not eligible for auto-proxying)
2020-03-26 14:22:07,946 [restartedMain] INFO  [o.s.c.s.PostProcessorRegistrationDelegate$BeanPostProcessorChecker] PostProcessorRegistrationDelegate.java:330 - Bean 'shiroConfig' of type [com.example.config.ShiroConfig$$EnhancerBySpringCGLIB$$c40c4a99] is not eligible for getting processed by all BeanPostProcessors (for example: not eligible for auto-proxying)
2020-03-26 14:22:08,035 [restartedMain] INFO  [o.s.c.s.PostProcessorRegistrationDelegate$BeanPostProcessorChecker] PostProcessorRegistrationDelegate.java:330 - Bean 'mybatis-plus-com.baomidou.mybatisplus.autoconfigure.MybatisPlusProperties' of type [com.baomidou.mybatisplus.autoconfigure.MybatisPlusProperties] is not eligible for getting processed by all BeanPostProcessors (for example: not eligible for auto-proxying)
2020-03-26 14:22:08,039 [restartedMain] INFO  [o.s.c.s.PostProcessorRegistrationDelegate$BeanPostProcessorChecker] PostProcessorRegistrationDelegate.java:330 - Bean 'com.baomidou.mybatisplus.autoconfigure.MybatisPlusAutoConfiguration' of type [com.baomidou.mybatisplus.autoconfigure.MybatisPlusAutoConfiguration$$EnhancerBySpringCGLIB$$e2ae8576] is not eligible for getting processed by all BeanPostProcessors (for example: not eligible for auto-proxying)
2020-03-26 14:22:08,039 [restartedMain] INFO  [o.s.c.s.PostProcessorRegistrationDelegate$BeanPostProcessorChecker] PostProcessorRegistrationDelegate.java:330 - Bean 'com.example.druidconfig.config.DruidConfiguration$Druid' of type [com.example.druidconfig.config.DruidConfiguration$Druid] is not eligible for getting processed by all BeanPostProcessors (for example: not eligible for auto-proxying)
2020-03-26 14:22:08,043 [restartedMain] INFO  [o.s.c.s.PostProcessorRegistrationDelegate$BeanPostProcessorChecker] PostProcessorRegistrationDelegate.java:330 - Bean 'spring.datasource-org.springframework.boot.autoconfigure.jdbc.DataSourceProperties' of type [org.springframework.boot.autoconfigure.jdbc.DataSourceProperties] is not eligible for getting processed by all BeanPostProcessors (for example: not eligible for auto-proxying)
2020-03-26 14:22:08,087 [restartedMain] INFO  [o.s.c.s.PostProcessorRegistrationDelegate$BeanPostProcessorChecker] PostProcessorRegistrationDelegate.java:330 - Bean 'dataSource' of type [com.alibaba.druid.pool.DruidDataSource] is not eligible for getting processed by all BeanPostProcessors (for example: not eligible for auto-proxying)
2020-03-26 14:22:08,099 [restartedMain] INFO  [o.s.c.s.PostProcessorRegistrationDelegate$BeanPostProcessorChecker] PostProcessorRegistrationDelegate.java:330 - Bean 'org.springframework.boot.autoconfigure.jdbc.DataSourceInitializerInvoker' of type [org.springframework.boot.autoconfigure.jdbc.DataSourceInitializerInvoker] is not eligible for getting processed by all BeanPostProcessors (for example: not eligible for auto-proxying)
2020-03-26 14:22:08,299 [restartedMain] INFO  [o.s.c.s.PostProcessorRegistrationDelegate$BeanPostProcessorChecker] PostProcessorRegistrationDelegate.java:330 - Bean 'sqlSessionFactory' of type [org.apache.ibatis.session.defaults.DefaultSqlSessionFactory] is not eligible for getting processed by all BeanPostProcessors (for example: not eligible for auto-proxying)
2020-03-26 14:22:08,303 [restartedMain] INFO  [o.s.c.s.PostProcessorRegistrationDelegate$BeanPostProcessorChecker] PostProcessorRegistrationDelegate.java:330 - Bean 'sqlSessionTemplate' of type [org.mybatis.spring.SqlSessionTemplate] is not eligible for getting processed by all BeanPostProcessors (for example: not eligible for auto-proxying)
2020-03-26 14:22:08,307 [restartedMain] INFO  [o.s.c.s.PostProcessorRegistrationDelegate$BeanPostProcessorChecker] PostProcessorRegistrationDelegate.java:330 - Bean 'sysUserMapper' of type [org.mybatis.spring.mapper.MapperFactoryBean] is not eligible for getting processed by all BeanPostProcessors (for example: not eligible for auto-proxying)
2020-03-26 14:22:08,307 [restartedMain] INFO  [o.s.c.s.PostProcessorRegistrationDelegate$BeanPostProcessorChecker] PostProcessorRegistrationDelegate.java:330 - Bean 'sysUserMapper' of type [com.sun.proxy.$Proxy76] is not eligible for getting processed by all BeanPostProcessors (for example: not eligible for auto-proxying)
2020-03-26 14:22:08,315 [restartedMain] INFO  [o.s.c.s.PostProcessorRegistrationDelegate$BeanPostProcessorChecker] PostProcessorRegistrationDelegate.java:330 - Bean 'druid-stat-interceptor' of type [com.alibaba.druid.support.spring.stat.DruidStatInterceptor] is not eligible for getting processed by all BeanPostProcessors (for example: not eligible for auto-proxying)
2020-03-26 14:22:08,355 [restartedMain] INFO  [o.s.c.s.PostProcessorRegistrationDelegate$BeanPostProcessorChecker] PostProcessorRegistrationDelegate.java:330 - Bean 'sysMenuMapper' of type [org.mybatis.spring.mapper.MapperFactoryBean] is not eligible for getting processed by all BeanPostProcessors (for example: not eligible for auto-proxying)
2020-03-26 14:22:08,355 [restartedMain] INFO  [o.s.c.s.PostProcessorRegistrationDelegate$BeanPostProcessorChecker] PostProcessorRegistrationDelegate.java:330 - Bean 'sysMenuMapper' of type [com.sun.proxy.$Proxy78] is not eligible for getting processed by all BeanPostProcessors (for example: not eligible for auto-proxying)
2020-03-26 14:22:08,359 [restartedMain] INFO  [o.s.c.s.PostProcessorRegistrationDelegate$BeanPostProcessorChecker] PostProcessorRegistrationDelegate.java:330 - Bean 'getUserRealm' of type [com.example.shiro.UserRealm] is not eligible for getting processed by all BeanPostProcessors (for example: not eligible for auto-proxying)
2020-03-26 14:22:08,845 [restartedMain] INFO  [o.s.c.s.PostProcessorRegistrationDelegate$BeanPostProcessorChecker] PostProcessorRegistrationDelegate.java:330 - Bean 'getSecurityManager' of type [org.apache.shiro.web.mgt.DefaultWebSecurityManager] is not eligible for getting processed by all BeanPostProcessors (for example: not eligible for auto-proxying)
2020-03-26 14:22:08,853 [restartedMain] INFO  [o.s.c.s.PostProcessorRegistrationDelegate$BeanPostProcessorChecker] PostProcessorRegistrationDelegate.java:330 - Bean 'authorizationAttributeSourceAdvisor' of type [org.apache.shiro.spring.security.interceptor.AuthorizationAttributeSourceAdvisor] is not eligible for getting processed by all BeanPostProcessors (for example: not eligible for auto-proxying)
2020-03-26 14:22:09,081 [restartedMain] INFO  [o.s.boot.web.embedded.tomcat.TomcatWebServer] TomcatWebServer.java:92 - Tomcat initialized with port(s): 8081 (http)
2020-03-26 14:22:09,093 [restartedMain] INFO  [org.apache.catalina.core.StandardService] DirectJDKLog.java:173 - Starting service [Tomcat]
2020-03-26 14:22:09,093 [restartedMain] INFO  [org.apache.catalina.core.StandardEngine] DirectJDKLog.java:173 - Starting Servlet engine: [Apache Tomcat/9.0.31]
2020-03-26 14:22:09,173 [restartedMain] INFO  [o.a.c.c.C.[Tomcat].[localhost].[/shiro]] DirectJDKLog.java:173 - Initializing Spring embedded WebApplicationContext
2020-03-26 14:22:09,173 [restartedMain] INFO  [org.springframework.web.context.ContextLoader] ServletWebServerApplicationContext.java:284 - Root WebApplicationContext: initialization completed in 2221 ms
2020-03-26 14:22:09,496 [restartedMain] INFO  [o.s.scheduling.concurrent.ThreadPoolTaskExecutor] ExecutorConfigurationSupport.java:181 - Initializing ExecutorService 'applicationTaskExecutor'
2020-03-26 14:22:09,688 [restartedMain] INFO  [o.s.b.d.autoconfigure.OptionalLiveReloadServer] OptionalLiveReloadServer.java:58 - LiveReload server is running on port 35729
2020-03-26 14:22:09,748 [restartedMain] INFO  [o.s.boot.web.embedded.tomcat.TomcatWebServer] TomcatWebServer.java:204 - Tomcat started on port(s): 8081 (http) with context path '/shiro'
2020-03-26 14:22:09,748 [restartedMain] INFO  [com.example.DemoApplication] StartupInfoLogger.java:61 - Started DemoApplication in 3.304 seconds (JVM running for 4.887)
2020-03-26 14:22:09,752 [restartedMain] INFO  [com.example.DemoApplication] DemoApplication.java:23 - Spring boot启动初始化了 216 个 Bean
2020-03-26 14:22:09,752 [restartedMain] WARN  [com.example.DemoApplication] DemoApplication.java:24 - Spring boot启动初始化了 216 个 Bean
2020-03-26 14:24:50,521 [http-nio-8081-exec-1] INFO  [o.a.c.c.C.[Tomcat].[localhost].[/shiro]] DirectJDKLog.java:173 - Initializing Spring DispatcherServlet 'dispatcherServlet'
2020-03-26 14:24:50,521 [http-nio-8081-exec-1] INFO  [org.springframework.web.servlet.DispatcherServlet] FrameworkServlet.java:525 - Initializing Servlet 'dispatcherServlet'
2020-03-26 14:24:50,525 [http-nio-8081-exec-1] INFO  [org.springframework.web.servlet.DispatcherServlet] FrameworkServlet.java:547 - Completed initialization in 4 ms
2020-03-26 14:24:50,824 [http-nio-8081-exec-1] INFO  [com.alibaba.druid.pool.DruidDataSource] DruidDataSource.java:947 - {dataSource-1} inited
2020-03-26 14:24:50,828 [http-nio-8081-exec-1] DEBUG [com.example.dao.SysUserMapper.selectList] BaseJdbcLogger.java:159 - ==>  Preparing: SELECT user_id,username,password,salt,email,mobile,status,dept_id,create_time FROM sys_user 
2020-03-26 14:24:50,852 [http-nio-8081-exec-1] DEBUG [com.example.dao.SysUserMapper.selectList] BaseJdbcLogger.java:159 - ==> Parameters: 
2020-03-26 14:24:50,884 [http-nio-8081-exec-1] DEBUG [com.example.dao.SysUserMapper.selectList] BaseJdbcLogger.java:159 - <==      Total: 4
2020-03-26 14:25:00,107 [http-nio-8081-exec-2] DEBUG [com.example.dao.SysUserMapper.queryExcel] BaseJdbcLogger.java:159 - ==>  Preparing: SELECT u.username,u.`password`,u.`status`,u.mobile,u.email,u.create_time FROM sys_user u 
2020-03-26 14:25:00,107 [http-nio-8081-exec-2] DEBUG [com.example.dao.SysUserMapper.queryExcel] BaseJdbcLogger.java:159 - ==> Parameters: 
2020-03-26 14:25:00,111 [http-nio-8081-exec-2] DEBUG [com.example.dao.SysUserMapper.queryExcel] BaseJdbcLogger.java:159 - <==      Total: 4
2020-03-26 14:33:59,145 [restartedMain] INFO  [com.example.DemoApplication] StartupInfoLogger.java:55 - Starting DemoApplication on LAPTOP-E8R9KGAS with PID 2520 (D:\IdeaProjects\demo\target\classes started by zxs in D:\IdeaProjects\demo)
2020-03-26 14:33:59,149 [restartedMain] INFO  [com.example.DemoApplication] SpringApplication.java:651 - No active profile set, falling back to default profiles: default
2020-03-26 14:33:59,208 [restartedMain] INFO  [o.s.b.d.env.DevToolsPropertyDefaultsPostProcessor] DeferredLog.java:225 - Devtools property defaults active! Set 'spring.devtools.add-properties' to 'false' to disable
2020-03-26 14:33:59,212 [restartedMain] INFO  [o.s.b.d.env.DevToolsPropertyDefaultsPostProcessor] DeferredLog.java:225 - For additional web related logging consider setting the 'logging.level.web' property to 'DEBUG'
2020-03-26 14:34:00,363 [restartedMain] INFO  [o.s.c.s.PostProcessorRegistrationDelegate$BeanPostProcessorChecker] PostProcessorRegistrationDelegate.java:330 - Bean 'druid-stat-pointcut' of type [org.springframework.aop.support.JdkRegexpMethodPointcut] is not eligible for getting processed by all BeanPostProcessors (for example: not eligible for auto-proxying)
2020-03-26 14:34:00,363 [restartedMain] INFO  [o.s.c.s.PostProcessorRegistrationDelegate$BeanPostProcessorChecker] PostProcessorRegistrationDelegate.java:330 - Bean 'org.springframework.aop.support.DefaultBeanFactoryPointcutAdvisor#0' of type [org.springframework.aop.support.DefaultBeanFactoryPointcutAdvisor] is not eligible for getting processed by all BeanPostProcessors (for example: not eligible for auto-proxying)
2020-03-26 14:34:00,387 [restartedMain] INFO  [o.s.c.s.PostProcessorRegistrationDelegate$BeanPostProcessorChecker] PostProcessorRegistrationDelegate.java:330 - Bean 'shiroConfig' of type [com.example.config.ShiroConfig$$EnhancerBySpringCGLIB$$552bb91a] is not eligible for getting processed by all BeanPostProcessors (for example: not eligible for auto-proxying)
2020-03-26 14:34:00,499 [restartedMain] INFO  [o.s.c.s.PostProcessorRegistrationDelegate$BeanPostProcessorChecker] PostProcessorRegistrationDelegate.java:330 - Bean 'mybatis-plus-com.baomidou.mybatisplus.autoconfigure.MybatisPlusProperties' of type [com.baomidou.mybatisplus.autoconfigure.MybatisPlusProperties] is not eligible for getting processed by all BeanPostProcessors (for example: not eligible for auto-proxying)
2020-03-26 14:34:00,503 [restartedMain] INFO  [o.s.c.s.PostProcessorRegistrationDelegate$BeanPostProcessorChecker] PostProcessorRegistrationDelegate.java:330 - Bean 'com.baomidou.mybatisplus.autoconfigure.MybatisPlusAutoConfiguration' of type [com.baomidou.mybatisplus.autoconfigure.MybatisPlusAutoConfiguration$$EnhancerBySpringCGLIB$$73cdf3f7] is not eligible for getting processed by all BeanPostProcessors (for example: not eligible for auto-proxying)
2020-03-26 14:34:00,503 [restartedMain] INFO  [o.s.c.s.PostProcessorRegistrationDelegate$BeanPostProcessorChecker] PostProcessorRegistrationDelegate.java:330 - Bean 'com.example.druidconfig.config.DruidConfiguration$Druid' of type [com.example.druidconfig.config.DruidConfiguration$Druid] is not eligible for getting processed by all BeanPostProcessors (for example: not eligible for auto-proxying)
2020-03-26 14:34:00,511 [restartedMain] INFO  [o.s.c.s.PostProcessorRegistrationDelegate$BeanPostProcessorChecker] PostProcessorRegistrationDelegate.java:330 - Bean 'spring.datasource-org.springframework.boot.autoconfigure.jdbc.DataSourceProperties' of type [org.springframework.boot.autoconfigure.jdbc.DataSourceProperties] is not eligible for getting processed by all BeanPostProcessors (for example: not eligible for auto-proxying)
2020-03-26 14:34:00,563 [restartedMain] INFO  [o.s.c.s.PostProcessorRegistrationDelegate$BeanPostProcessorChecker] PostProcessorRegistrationDelegate.java:330 - Bean 'dataSource' of type [com.alibaba.druid.pool.DruidDataSource] is not eligible for getting processed by all BeanPostProcessors (for example: not eligible for auto-proxying)
2020-03-26 14:34:00,583 [restartedMain] INFO  [o.s.c.s.PostProcessorRegistrationDelegate$BeanPostProcessorChecker] PostProcessorRegistrationDelegate.java:330 - Bean 'org.springframework.boot.autoconfigure.jdbc.DataSourceInitializerInvoker' of type [org.springframework.boot.autoconfigure.jdbc.DataSourceInitializerInvoker] is not eligible for getting processed by all BeanPostProcessors (for example: not eligible for auto-proxying)
2020-03-26 14:34:00,774 [restartedMain] INFO  [o.s.c.s.PostProcessorRegistrationDelegate$BeanPostProcessorChecker] PostProcessorRegistrationDelegate.java:330 - Bean 'sqlSessionFactory' of type [org.apache.ibatis.session.defaults.DefaultSqlSessionFactory] is not eligible for getting processed by all BeanPostProcessors (for example: not eligible for auto-proxying)
2020-03-26 14:34:00,778 [restartedMain] INFO  [o.s.c.s.PostProcessorRegistrationDelegate$BeanPostProcessorChecker] PostProcessorRegistrationDelegate.java:330 - Bean 'sqlSessionTemplate' of type [org.mybatis.spring.SqlSessionTemplate] is not eligible for getting processed by all BeanPostProcessors (for example: not eligible for auto-proxying)
2020-03-26 14:34:00,778 [restartedMain] INFO  [o.s.c.s.PostProcessorRegistrationDelegate$BeanPostProcessorChecker] PostProcessorRegistrationDelegate.java:330 - Bean 'sysUserMapper' of type [org.mybatis.spring.mapper.MapperFactoryBean] is not eligible for getting processed by all BeanPostProcessors (for example: not eligible for auto-proxying)
2020-03-26 14:34:00,782 [restartedMain] INFO  [o.s.c.s.PostProcessorRegistrationDelegate$BeanPostProcessorChecker] PostProcessorRegistrationDelegate.java:330 - Bean 'sysUserMapper' of type [com.sun.proxy.$Proxy76] is not eligible for getting processed by all BeanPostProcessors (for example: not eligible for auto-proxying)
2020-03-26 14:34:00,786 [restartedMain] INFO  [o.s.c.s.PostProcessorRegistrationDelegate$BeanPostProcessorChecker] PostProcessorRegistrationDelegate.java:330 - Bean 'druid-stat-interceptor' of type [com.alibaba.druid.support.spring.stat.DruidStatInterceptor] is not eligible for getting processed by all BeanPostProcessors (for example: not eligible for auto-proxying)
2020-03-26 14:34:00,830 [restartedMain] INFO  [o.s.c.s.PostProcessorRegistrationDelegate$BeanPostProcessorChecker] PostProcessorRegistrationDelegate.java:330 - Bean 'sysMenuMapper' of type [org.mybatis.spring.mapper.MapperFactoryBean] is not eligible for getting processed by all BeanPostProcessors (for example: not eligible for auto-proxying)
2020-03-26 14:34:00,830 [restartedMain] INFO  [o.s.c.s.PostProcessorRegistrationDelegate$BeanPostProcessorChecker] PostProcessorRegistrationDelegate.java:330 - Bean 'sysMenuMapper' of type [com.sun.proxy.$Proxy78] is not eligible for getting processed by all BeanPostProcessors (for example: not eligible for auto-proxying)
2020-03-26 14:34:00,834 [restartedMain] INFO  [o.s.c.s.PostProcessorRegistrationDelegate$BeanPostProcessorChecker] PostProcessorRegistrationDelegate.java:330 - Bean 'getUserRealm' of type [com.example.shiro.UserRealm] is not eligible for getting processed by all BeanPostProcessors (for example: not eligible for auto-proxying)
2020-03-26 14:34:01,373 [restartedMain] INFO  [o.s.c.s.PostProcessorRegistrationDelegate$BeanPostProcessorChecker] PostProcessorRegistrationDelegate.java:330 - Bean 'getSecurityManager' of type [org.apache.shiro.web.mgt.DefaultWebSecurityManager] is not eligible for getting processed by all BeanPostProcessors (for example: not eligible for auto-proxying)
2020-03-26 14:34:01,381 [restartedMain] INFO  [o.s.c.s.PostProcessorRegistrationDelegate$BeanPostProcessorChecker] PostProcessorRegistrationDelegate.java:330 - Bean 'authorizationAttributeSourceAdvisor' of type [org.apache.shiro.spring.security.interceptor.AuthorizationAttributeSourceAdvisor] is not eligible for getting processed by all BeanPostProcessors (for example: not eligible for auto-proxying)
2020-03-26 14:34:01,661 [restartedMain] INFO  [o.s.boot.web.embedded.tomcat.TomcatWebServer] TomcatWebServer.java:92 - Tomcat initialized with port(s): 8081 (http)
2020-03-26 14:34:01,669 [restartedMain] INFO  [org.apache.catalina.core.StandardService] DirectJDKLog.java:173 - Starting service [Tomcat]
2020-03-26 14:34:01,669 [restartedMain] INFO  [org.apache.catalina.core.StandardEngine] DirectJDKLog.java:173 - Starting Servlet engine: [Apache Tomcat/9.0.31]
2020-03-26 14:34:01,789 [restartedMain] INFO  [o.a.c.c.C.[Tomcat].[localhost].[/shiro]] DirectJDKLog.java:173 - Initializing Spring embedded WebApplicationContext
2020-03-26 14:34:01,789 [restartedMain] INFO  [org.springframework.web.context.ContextLoader] ServletWebServerApplicationContext.java:284 - Root WebApplicationContext: initialization completed in 2577 ms
2020-03-26 14:34:02,300 [restartedMain] INFO  [o.s.scheduling.concurrent.ThreadPoolTaskExecutor] ExecutorConfigurationSupport.java:181 - Initializing ExecutorService 'applicationTaskExecutor'
2020-03-26 14:34:02,632 [restartedMain] INFO  [o.s.b.d.autoconfigure.OptionalLiveReloadServer] OptionalLiveReloadServer.java:58 - LiveReload server is running on port 35729
2020-03-26 14:34:02,688 [restartedMain] INFO  [o.s.boot.web.embedded.tomcat.TomcatWebServer] TomcatWebServer.java:204 - Tomcat started on port(s): 8081 (http) with context path '/shiro'
2020-03-26 14:34:02,692 [restartedMain] INFO  [com.example.DemoApplication] StartupInfoLogger.java:61 - Started DemoApplication in 4.476 seconds (JVM running for 5.908)
2020-03-26 14:34:02,696 [restartedMain] INFO  [com.example.DemoApplication] DemoApplication.java:23 - Spring boot启动初始化了 216 个 Bean
2020-03-26 14:34:02,696 [restartedMain] WARN  [com.example.DemoApplication] DemoApplication.java:24 - Spring boot启动初始化了 216 个 Bean
2020-03-26 14:34:18,759 [http-nio-8081-exec-1] INFO  [o.a.c.c.C.[Tomcat].[localhost].[/shiro]] DirectJDKLog.java:173 - Initializing Spring DispatcherServlet 'dispatcherServlet'
2020-03-26 14:34:18,759 [http-nio-8081-exec-1] INFO  [org.springframework.web.servlet.DispatcherServlet] FrameworkServlet.java:525 - Initializing Servlet 'dispatcherServlet'
2020-03-26 14:34:18,763 [http-nio-8081-exec-1] INFO  [org.springframework.web.servlet.DispatcherServlet] FrameworkServlet.java:547 - Completed initialization in 4 ms
2020-03-26 14:34:19,515 [http-nio-8081-exec-1] WARN  [n.sf.jasperreports.engine.export.PdfGlyphRenderer] PdfGlyphRenderer.java:64 - Unpatched iText found, cannot use glyph rendering
2020-03-26 14:39:17,940 [restartedMain] INFO  [com.example.DemoApplication] StartupInfoLogger.java:55 - Starting DemoApplication on LAPTOP-E8R9KGAS with PID 11716 (D:\IdeaProjects\demo\target\classes started by zxs in D:\IdeaProjects\demo)
2020-03-26 14:39:17,944 [restartedMain] INFO  [com.example.DemoApplication] SpringApplication.java:651 - No active profile set, falling back to default profiles: default
2020-03-26 14:39:18,061 [restartedMain] INFO  [o.s.b.d.env.DevToolsPropertyDefaultsPostProcessor] DeferredLog.java:225 - Devtools property defaults active! Set 'spring.devtools.add-properties' to 'false' to disable
2020-03-26 14:39:18,062 [restartedMain] INFO  [o.s.b.d.env.DevToolsPropertyDefaultsPostProcessor] DeferredLog.java:225 - For additional web related logging consider setting the 'logging.level.web' property to 'DEBUG'
2020-03-26 14:39:19,137 [restartedMain] INFO  [o.s.c.s.PostProcessorRegistrationDelegate$BeanPostProcessorChecker] PostProcessorRegistrationDelegate.java:330 - Bean 'druid-stat-pointcut' of type [org.springframework.aop.support.JdkRegexpMethodPointcut] is not eligible for getting processed by all BeanPostProcessors (for example: not eligible for auto-proxying)
2020-03-26 14:39:19,141 [restartedMain] INFO  [o.s.c.s.PostProcessorRegistrationDelegate$BeanPostProcessorChecker] PostProcessorRegistrationDelegate.java:330 - Bean 'org.springframework.aop.support.DefaultBeanFactoryPointcutAdvisor#0' of type [org.springframework.aop.support.DefaultBeanFactoryPointcutAdvisor] is not eligible for getting processed by all BeanPostProcessors (for example: not eligible for auto-proxying)
2020-03-26 14:39:19,169 [restartedMain] INFO  [o.s.c.s.PostProcessorRegistrationDelegate$BeanPostProcessorChecker] PostProcessorRegistrationDelegate.java:330 - Bean 'shiroConfig' of type [com.example.config.ShiroConfig$$EnhancerBySpringCGLIB$$2cd1872f] is not eligible for getting processed by all BeanPostProcessors (for example: not eligible for auto-proxying)
2020-03-26 14:39:19,297 [restartedMain] INFO  [o.s.c.s.PostProcessorRegistrationDelegate$BeanPostProcessorChecker] PostProcessorRegistrationDelegate.java:330 - Bean 'mybatis-plus-com.baomidou.mybatisplus.autoconfigure.MybatisPlusProperties' of type [com.baomidou.mybatisplus.autoconfigure.MybatisPlusProperties] is not eligible for getting processed by all BeanPostProcessors (for example: not eligible for auto-proxying)
2020-03-26 14:39:19,301 [restartedMain] INFO  [o.s.c.s.PostProcessorRegistrationDelegate$BeanPostProcessorChecker] PostProcessorRegistrationDelegate.java:330 - Bean 'com.baomidou.mybatisplus.autoconfigure.MybatisPlusAutoConfiguration' of type [com.baomidou.mybatisplus.autoconfigure.MybatisPlusAutoConfiguration$$EnhancerBySpringCGLIB$$4b73c20c] is not eligible for getting processed by all BeanPostProcessors (for example: not eligible for auto-proxying)
2020-03-26 14:39:19,305 [restartedMain] INFO  [o.s.c.s.PostProcessorRegistrationDelegate$BeanPostProcessorChecker] PostProcessorRegistrationDelegate.java:330 - Bean 'com.example.druidconfig.config.DruidConfiguration$Druid' of type [com.example.druidconfig.config.DruidConfiguration$Druid] is not eligible for getting processed by all BeanPostProcessors (for example: not eligible for auto-proxying)
2020-03-26 14:39:19,309 [restartedMain] INFO  [o.s.c.s.PostProcessorRegistrationDelegate$BeanPostProcessorChecker] PostProcessorRegistrationDelegate.java:330 - Bean 'spring.datasource-org.springframework.boot.autoconfigure.jdbc.DataSourceProperties' of type [org.springframework.boot.autoconfigure.jdbc.DataSourceProperties] is not eligible for getting processed by all BeanPostProcessors (for example: not eligible for auto-proxying)
2020-03-26 14:39:19,377 [restartedMain] INFO  [o.s.c.s.PostProcessorRegistrationDelegate$BeanPostProcessorChecker] PostProcessorRegistrationDelegate.java:330 - Bean 'dataSource' of type [com.alibaba.druid.pool.DruidDataSource] is not eligible for getting processed by all BeanPostProcessors (for example: not eligible for auto-proxying)
2020-03-26 14:39:19,401 [restartedMain] INFO  [o.s.c.s.PostProcessorRegistrationDelegate$BeanPostProcessorChecker] PostProcessorRegistrationDelegate.java:330 - Bean 'org.springframework.boot.autoconfigure.jdbc.DataSourceInitializerInvoker' of type [org.springframework.boot.autoconfigure.jdbc.DataSourceInitializerInvoker] is not eligible for getting processed by all BeanPostProcessors (for example: not eligible for auto-proxying)
2020-03-26 14:39:19,595 [restartedMain] INFO  [o.s.c.s.PostProcessorRegistrationDelegate$BeanPostProcessorChecker] PostProcessorRegistrationDelegate.java:330 - Bean 'sqlSessionFactory' of type [org.apache.ibatis.session.defaults.DefaultSqlSessionFactory] is not eligible for getting processed by all BeanPostProcessors (for example: not eligible for auto-proxying)
2020-03-26 14:39:19,599 [restartedMain] INFO  [o.s.c.s.PostProcessorRegistrationDelegate$BeanPostProcessorChecker] PostProcessorRegistrationDelegate.java:330 - Bean 'sqlSessionTemplate' of type [org.mybatis.spring.SqlSessionTemplate] is not eligible for getting processed by all BeanPostProcessors (for example: not eligible for auto-proxying)
2020-03-26 14:39:19,603 [restartedMain] INFO  [o.s.c.s.PostProcessorRegistrationDelegate$BeanPostProcessorChecker] PostProcessorRegistrationDelegate.java:330 - Bean 'sysUserMapper' of type [org.mybatis.spring.mapper.MapperFactoryBean] is not eligible for getting processed by all BeanPostProcessors (for example: not eligible for auto-proxying)
2020-03-26 14:39:19,603 [restartedMain] INFO  [o.s.c.s.PostProcessorRegistrationDelegate$BeanPostProcessorChecker] PostProcessorRegistrationDelegate.java:330 - Bean 'sysUserMapper' of type [com.sun.proxy.$Proxy76] is not eligible for getting processed by all BeanPostProcessors (for example: not eligible for auto-proxying)
2020-03-26 14:39:19,611 [restartedMain] INFO  [o.s.c.s.PostProcessorRegistrationDelegate$BeanPostProcessorChecker] PostProcessorRegistrationDelegate.java:330 - Bean 'druid-stat-interceptor' of type [com.alibaba.druid.support.spring.stat.DruidStatInterceptor] is not eligible for getting processed by all BeanPostProcessors (for example: not eligible for auto-proxying)
2020-03-26 14:39:19,663 [restartedMain] INFO  [o.s.c.s.PostProcessorRegistrationDelegate$BeanPostProcessorChecker] PostProcessorRegistrationDelegate.java:330 - Bean 'sysMenuMapper' of type [org.mybatis.spring.mapper.MapperFactoryBean] is not eligible for getting processed by all BeanPostProcessors (for example: not eligible for auto-proxying)
2020-03-26 14:39:19,667 [restartedMain] INFO  [o.s.c.s.PostProcessorRegistrationDelegate$BeanPostProcessorChecker] PostProcessorRegistrationDelegate.java:330 - Bean 'sysMenuMapper' of type [com.sun.proxy.$Proxy78] is not eligible for getting processed by all BeanPostProcessors (for example: not eligible for auto-proxying)
2020-03-26 14:39:19,667 [restartedMain] INFO  [o.s.c.s.PostProcessorRegistrationDelegate$BeanPostProcessorChecker] PostProcessorRegistrationDelegate.java:330 - Bean 'getUserRealm' of type [com.example.shiro.UserRealm] is not eligible for getting processed by all BeanPostProcessors (for example: not eligible for auto-proxying)
2020-03-26 14:39:20,146 [restartedMain] INFO  [o.s.c.s.PostProcessorRegistrationDelegate$BeanPostProcessorChecker] PostProcessorRegistrationDelegate.java:330 - Bean 'getSecurityManager' of type [org.apache.shiro.web.mgt.DefaultWebSecurityManager] is not eligible for getting processed by all BeanPostProcessors (for example: not eligible for auto-proxying)
2020-03-26 14:39:20,154 [restartedMain] INFO  [o.s.c.s.PostProcessorRegistrationDelegate$BeanPostProcessorChecker] PostProcessorRegistrationDelegate.java:330 - Bean 'authorizationAttributeSourceAdvisor' of type [org.apache.shiro.spring.security.interceptor.AuthorizationAttributeSourceAdvisor] is not eligible for getting processed by all BeanPostProcessors (for example: not eligible for auto-proxying)
2020-03-26 14:39:20,401 [restartedMain] INFO  [o.s.boot.web.embedded.tomcat.TomcatWebServer] TomcatWebServer.java:92 - Tomcat initialized with port(s): 8081 (http)
2020-03-26 14:39:20,409 [restartedMain] INFO  [org.apache.catalina.core.StandardService] DirectJDKLog.java:173 - Starting service [Tomcat]
2020-03-26 14:39:20,409 [restartedMain] INFO  [org.apache.catalina.core.StandardEngine] DirectJDKLog.java:173 - Starting Servlet engine: [Apache Tomcat/9.0.31]
2020-03-26 14:39:20,497 [restartedMain] INFO  [o.a.c.c.C.[Tomcat].[localhost].[/shiro]] DirectJDKLog.java:173 - Initializing Spring embedded WebApplicationContext
2020-03-26 14:39:20,497 [restartedMain] INFO  [org.springframework.web.context.ContextLoader] ServletWebServerApplicationContext.java:284 - Root WebApplicationContext: initialization completed in 2434 ms
2020-03-26 14:39:20,861 [restartedMain] INFO  [o.s.scheduling.concurrent.ThreadPoolTaskExecutor] ExecutorConfigurationSupport.java:181 - Initializing ExecutorService 'applicationTaskExecutor'
2020-03-26 14:39:21,088 [restartedMain] INFO  [o.s.b.d.autoconfigure.OptionalLiveReloadServer] OptionalLiveReloadServer.java:58 - LiveReload server is running on port 35729
2020-03-26 14:39:21,132 [restartedMain] INFO  [o.s.boot.web.embedded.tomcat.TomcatWebServer] TomcatWebServer.java:204 - Tomcat started on port(s): 8081 (http) with context path '/shiro'
2020-03-26 14:39:21,136 [restartedMain] INFO  [com.example.DemoApplication] StartupInfoLogger.java:61 - Started DemoApplication in 4.091 seconds (JVM running for 5.374)
2020-03-26 14:39:21,140 [restartedMain] INFO  [com.example.DemoApplication] DemoApplication.java:23 - Spring boot启动初始化了 216 个 Bean
2020-03-26 14:39:21,140 [restartedMain] WARN  [com.example.DemoApplication] DemoApplication.java:24 - Spring boot启动初始化了 216 个 Bean
2020-03-26 14:39:23,634 [http-nio-8081-exec-1] INFO  [o.a.c.c.C.[Tomcat].[localhost].[/shiro]] DirectJDKLog.java:173 - Initializing Spring DispatcherServlet 'dispatcherServlet'
2020-03-26 14:39:23,634 [http-nio-8081-exec-1] INFO  [org.springframework.web.servlet.DispatcherServlet] FrameworkServlet.java:525 - Initializing Servlet 'dispatcherServlet'
2020-03-26 14:39:23,642 [http-nio-8081-exec-1] INFO  [org.springframework.web.servlet.DispatcherServlet] FrameworkServlet.java:547 - Completed initialization in 4 ms
2020-03-26 14:39:24,282 [http-nio-8081-exec-1] WARN  [n.sf.jasperreports.engine.export.PdfGlyphRenderer] PdfGlyphRenderer.java:64 - Unpatched iText found, cannot use glyph rendering
2020-03-26 14:40:10,883 [Thread-12] INFO  [o.s.scheduling.concurrent.ThreadPoolTaskExecutor] ExecutorConfigurationSupport.java:218 - Shutting down ExecutorService 'applicationTaskExecutor'
2020-03-26 14:40:11,237 [restartedMain] INFO  [com.example.DemoApplication] StartupInfoLogger.java:55 - Starting DemoApplication on LAPTOP-E8R9KGAS with PID 11716 (D:\IdeaProjects\demo\target\classes started by zxs in D:\IdeaProjects\demo)
2020-03-26 14:40:11,237 [restartedMain] INFO  [com.example.DemoApplication] SpringApplication.java:651 - No active profile set, falling back to default profiles: default
2020-03-26 14:40:11,421 [restartedMain] INFO  [o.s.c.s.PostProcessorRegistrationDelegate$BeanPostProcessorChecker] PostProcessorRegistrationDelegate.java:330 - Bean 'druid-stat-pointcut' of type [org.springframework.aop.support.JdkRegexpMethodPointcut] is not eligible for getting processed by all BeanPostProcessors (for example: not eligible for auto-proxying)
2020-03-26 14:40:11,421 [restartedMain] INFO  [o.s.c.s.PostProcessorRegistrationDelegate$BeanPostProcessorChecker] PostProcessorRegistrationDelegate.java:330 - Bean 'org.springframework.aop.support.DefaultBeanFactoryPointcutAdvisor#0' of type [org.springframework.aop.support.DefaultBeanFactoryPointcutAdvisor] is not eligible for getting processed by all BeanPostProcessors (for example: not eligible for auto-proxying)
2020-03-26 14:40:11,425 [restartedMain] INFO  [o.s.c.s.PostProcessorRegistrationDelegate$BeanPostProcessorChecker] PostProcessorRegistrationDelegate.java:330 - Bean 'shiroConfig' of type [com.example.config.ShiroConfig$$EnhancerBySpringCGLIB$$2cd1872f] is not eligible for getting processed by all BeanPostProcessors (for example: not eligible for auto-proxying)
2020-03-26 14:40:11,441 [restartedMain] INFO  [o.s.c.s.PostProcessorRegistrationDelegate$BeanPostProcessorChecker] PostProcessorRegistrationDelegate.java:330 - Bean 'mybatis-plus-com.baomidou.mybatisplus.autoconfigure.MybatisPlusProperties' of type [com.baomidou.mybatisplus.autoconfigure.MybatisPlusProperties] is not eligible for getting processed by all BeanPostProcessors (for example: not eligible for auto-proxying)
2020-03-26 14:40:11,441 [restartedMain] INFO  [o.s.c.s.PostProcessorRegistrationDelegate$BeanPostProcessorChecker] PostProcessorRegistrationDelegate.java:330 - Bean 'com.baomidou.mybatisplus.autoconfigure.MybatisPlusAutoConfiguration' of type [com.baomidou.mybatisplus.autoconfigure.MybatisPlusAutoConfiguration$$EnhancerBySpringCGLIB$$4b73c20c] is not eligible for getting processed by all BeanPostProcessors (for example: not eligible for auto-proxying)
2020-03-26 14:40:11,445 [restartedMain] INFO  [o.s.c.s.PostProcessorRegistrationDelegate$BeanPostProcessorChecker] PostProcessorRegistrationDelegate.java:330 - Bean 'com.example.druidconfig.config.DruidConfiguration$Druid' of type [com.example.druidconfig.config.DruidConfiguration$Druid] is not eligible for getting processed by all BeanPostProcessors (for example: not eligible for auto-proxying)
2020-03-26 14:40:11,449 [restartedMain] INFO  [o.s.c.s.PostProcessorRegistrationDelegate$BeanPostProcessorChecker] PostProcessorRegistrationDelegate.java:330 - Bean 'spring.datasource-org.springframework.boot.autoconfigure.jdbc.DataSourceProperties' of type [org.springframework.boot.autoconfigure.jdbc.DataSourceProperties] is not eligible for getting processed by all BeanPostProcessors (for example: not eligible for auto-proxying)
2020-03-26 14:40:11,465 [restartedMain] INFO  [o.s.c.s.PostProcessorRegistrationDelegate$BeanPostProcessorChecker] PostProcessorRegistrationDelegate.java:330 - Bean 'dataSource' of type [com.alibaba.druid.pool.DruidDataSource] is not eligible for getting processed by all BeanPostProcessors (for example: not eligible for auto-proxying)
2020-03-26 14:40:11,469 [restartedMain] INFO  [o.s.c.s.PostProcessorRegistrationDelegate$BeanPostProcessorChecker] PostProcessorRegistrationDelegate.java:330 - Bean 'org.springframework.boot.autoconfigure.jdbc.DataSourceInitializerInvoker' of type [org.springframework.boot.autoconfigure.jdbc.DataSourceInitializerInvoker] is not eligible for getting processed by all BeanPostProcessors (for example: not eligible for auto-proxying)
2020-03-26 14:40:11,501 [restartedMain] INFO  [o.s.c.s.PostProcessorRegistrationDelegate$BeanPostProcessorChecker] PostProcessorRegistrationDelegate.java:330 - Bean 'sqlSessionFactory' of type [org.apache.ibatis.session.defaults.DefaultSqlSessionFactory] is not eligible for getting processed by all BeanPostProcessors (for example: not eligible for auto-proxying)
2020-03-26 14:40:11,501 [restartedMain] INFO  [o.s.c.s.PostProcessorRegistrationDelegate$BeanPostProcessorChecker] PostProcessorRegistrationDelegate.java:330 - Bean 'sqlSessionTemplate' of type [org.mybatis.spring.SqlSessionTemplate] is not eligible for getting processed by all BeanPostProcessors (for example: not eligible for auto-proxying)
2020-03-26 14:40:11,501 [restartedMain] INFO  [o.s.c.s.PostProcessorRegistrationDelegate$BeanPostProcessorChecker] PostProcessorRegistrationDelegate.java:330 - Bean 'sysUserMapper' of type [org.mybatis.spring.mapper.MapperFactoryBean] is not eligible for getting processed by all BeanPostProcessors (for example: not eligible for auto-proxying)
2020-03-26 14:40:11,501 [restartedMain] INFO  [o.s.c.s.PostProcessorRegistrationDelegate$BeanPostProcessorChecker] PostProcessorRegistrationDelegate.java:330 - Bean 'sysUserMapper' of type [com.sun.proxy.$Proxy105] is not eligible for getting processed by all BeanPostProcessors (for example: not eligible for auto-proxying)
2020-03-26 14:40:11,501 [restartedMain] INFO  [o.s.c.s.PostProcessorRegistrationDelegate$BeanPostProcessorChecker] PostProcessorRegistrationDelegate.java:330 - Bean 'druid-stat-interceptor' of type [com.alibaba.druid.support.spring.stat.DruidStatInterceptor] is not eligible for getting processed by all BeanPostProcessors (for example: not eligible for auto-proxying)
2020-03-26 14:40:11,525 [restartedMain] INFO  [o.s.c.s.PostProcessorRegistrationDelegate$BeanPostProcessorChecker] PostProcessorRegistrationDelegate.java:330 - Bean 'sysMenuMapper' of type [org.mybatis.spring.mapper.MapperFactoryBean] is not eligible for getting processed by all BeanPostProcessors (for example: not eligible for auto-proxying)
2020-03-26 14:40:11,529 [restartedMain] INFO  [o.s.c.s.PostProcessorRegistrationDelegate$BeanPostProcessorChecker] PostProcessorRegistrationDelegate.java:330 - Bean 'sysMenuMapper' of type [com.sun.proxy.$Proxy107] is not eligible for getting processed by all BeanPostProcessors (for example: not eligible for auto-proxying)
2020-03-26 14:40:11,529 [restartedMain] INFO  [o.s.c.s.PostProcessorRegistrationDelegate$BeanPostProcessorChecker] PostProcessorRegistrationDelegate.java:330 - Bean 'getUserRealm' of type [com.example.shiro.UserRealm] is not eligible for getting processed by all BeanPostProcessors (for example: not eligible for auto-proxying)
2020-03-26 14:40:11,533 [restartedMain] INFO  [o.s.c.s.PostProcessorRegistrationDelegate$BeanPostProcessorChecker] PostProcessorRegistrationDelegate.java:330 - Bean 'getSecurityManager' of type [org.apache.shiro.web.mgt.DefaultWebSecurityManager] is not eligible for getting processed by all BeanPostProcessors (for example: not eligible for auto-proxying)
2020-03-26 14:40:11,533 [restartedMain] INFO  [o.s.c.s.PostProcessorRegistrationDelegate$BeanPostProcessorChecker] PostProcessorRegistrationDelegate.java:330 - Bean 'authorizationAttributeSourceAdvisor' of type [org.apache.shiro.spring.security.interceptor.AuthorizationAttributeSourceAdvisor] is not eligible for getting processed by all BeanPostProcessors (for example: not eligible for auto-proxying)
2020-03-26 14:40:11,601 [restartedMain] INFO  [o.s.boot.web.embedded.tomcat.TomcatWebServer] TomcatWebServer.java:92 - Tomcat initialized with port(s): 8081 (http)
2020-03-26 14:40:11,601 [restartedMain] INFO  [org.apache.catalina.core.StandardService] DirectJDKLog.java:173 - Starting service [Tomcat]
2020-03-26 14:40:11,601 [restartedMain] INFO  [org.apache.catalina.core.StandardEngine] DirectJDKLog.java:173 - Starting Servlet engine: [Apache Tomcat/9.0.31]
2020-03-26 14:40:11,621 [restartedMain] INFO  [o.a.c.c.C.[Tomcat].[localhost].[/shiro]] DirectJDKLog.java:173 - Initializing Spring embedded WebApplicationContext
2020-03-26 14:40:11,621 [restartedMain] INFO  [org.springframework.web.context.ContextLoader] ServletWebServerApplicationContext.java:284 - Root WebApplicationContext: initialization completed in 384 ms
2020-03-26 14:40:11,878 [restartedMain] INFO  [o.s.scheduling.concurrent.ThreadPoolTaskExecutor] ExecutorConfigurationSupport.java:181 - Initializing ExecutorService 'applicationTaskExecutor'
2020-03-26 14:40:11,994 [restartedMain] INFO  [o.s.b.d.autoconfigure.OptionalLiveReloadServer] OptionalLiveReloadServer.java:58 - LiveReload server is running on port 35729
2020-03-26 14:40:12,014 [restartedMain] INFO  [o.s.boot.web.embedded.tomcat.TomcatWebServer] TomcatWebServer.java:204 - Tomcat started on port(s): 8081 (http) with context path '/shiro'
2020-03-26 14:40:12,014 [restartedMain] INFO  [com.example.DemoApplication] StartupInfoLogger.java:61 - Started DemoApplication in 0.812 seconds (JVM running for 56.253)
2020-03-26 14:40:12,018 [restartedMain] INFO  [o.s.b.d.a.ConditionEvaluationDeltaLoggingListener] ConditionEvaluationDeltaLoggingListener.java:63 - Condition evaluation unchanged
2020-03-26 14:40:12,018 [restartedMain] INFO  [com.example.DemoApplication] DemoApplication.java:23 - Spring boot启动初始化了 216 个 Bean
2020-03-26 14:40:12,018 [restartedMain] WARN  [com.example.DemoApplication] DemoApplication.java:24 - Spring boot启动初始化了 216 个 Bean
2020-03-26 14:40:41,319 [http-nio-8081-exec-2] INFO  [o.a.c.c.C.[Tomcat].[localhost].[/shiro]] DirectJDKLog.java:173 - Initializing Spring DispatcherServlet 'dispatcherServlet'
2020-03-26 14:40:41,320 [http-nio-8081-exec-2] INFO  [org.springframework.web.servlet.DispatcherServlet] FrameworkServlet.java:525 - Initializing Servlet 'dispatcherServlet'
2020-03-26 14:40:41,326 [http-nio-8081-exec-2] INFO  [org.springframework.web.servlet.DispatcherServlet] FrameworkServlet.java:547 - Completed initialization in 5 ms
2020-03-26 15:15:54,250 [restartedMain] INFO  [com.example.DemoApplication] StartupInfoLogger.java:55 - Starting DemoApplication on LAPTOP-E8R9KGAS with PID 9244 (D:\IdeaProjects\demo\target\classes started by zxs in D:\IdeaProjects\demo)
2020-03-26 15:15:54,253 [restartedMain] INFO  [com.example.DemoApplication] SpringApplication.java:651 - No active profile set, falling back to default profiles: default
2020-03-26 15:15:54,308 [restartedMain] INFO  [o.s.b.d.env.DevToolsPropertyDefaultsPostProcessor] DeferredLog.java:225 - Devtools property defaults active! Set 'spring.devtools.add-properties' to 'false' to disable
2020-03-26 15:15:54,309 [restartedMain] INFO  [o.s.b.d.env.DevToolsPropertyDefaultsPostProcessor] DeferredLog.java:225 - For additional web related logging consider setting the 'logging.level.web' property to 'DEBUG'
2020-03-26 15:15:55,372 [restartedMain] INFO  [o.s.c.s.PostProcessorRegistrationDelegate$BeanPostProcessorChecker] PostProcessorRegistrationDelegate.java:330 - Bean 'druid-stat-pointcut' of type [org.springframework.aop.support.JdkRegexpMethodPointcut] is not eligible for getting processed by all BeanPostProcessors (for example: not eligible for auto-proxying)
2020-03-26 15:15:55,374 [restartedMain] INFO  [o.s.c.s.PostProcessorRegistrationDelegate$BeanPostProcessorChecker] PostProcessorRegistrationDelegate.java:330 - Bean 'org.springframework.aop.support.DefaultBeanFactoryPointcutAdvisor#0' of type [org.springframework.aop.support.DefaultBeanFactoryPointcutAdvisor] is not eligible for getting processed by all BeanPostProcessors (for example: not eligible for auto-proxying)
2020-03-26 15:15:55,396 [restartedMain] INFO  [o.s.c.s.PostProcessorRegistrationDelegate$BeanPostProcessorChecker] PostProcessorRegistrationDelegate.java:330 - Bean 'shiroConfig' of type [com.example.config.ShiroConfig$$EnhancerBySpringCGLIB$$30a7d296] is not eligible for getting processed by all BeanPostProcessors (for example: not eligible for auto-proxying)
2020-03-26 15:15:55,500 [restartedMain] INFO  [o.s.c.s.PostProcessorRegistrationDelegate$BeanPostProcessorChecker] PostProcessorRegistrationDelegate.java:330 - Bean 'mybatis-plus-com.baomidou.mybatisplus.autoconfigure.MybatisPlusProperties' of type [com.baomidou.mybatisplus.autoconfigure.MybatisPlusProperties] is not eligible for getting processed by all BeanPostProcessors (for example: not eligible for auto-proxying)
2020-03-26 15:15:55,504 [restartedMain] INFO  [o.s.c.s.PostProcessorRegistrationDelegate$BeanPostProcessorChecker] PostProcessorRegistrationDelegate.java:330 - Bean 'com.baomidou.mybatisplus.autoconfigure.MybatisPlusAutoConfiguration' of type [com.baomidou.mybatisplus.autoconfigure.MybatisPlusAutoConfiguration$$EnhancerBySpringCGLIB$$4f4a0d73] is not eligible for getting processed by all BeanPostProcessors (for example: not eligible for auto-proxying)
2020-03-26 15:15:55,506 [restartedMain] INFO  [o.s.c.s.PostProcessorRegistrationDelegate$BeanPostProcessorChecker] PostProcessorRegistrationDelegate.java:330 - Bean 'com.example.druidconfig.config.DruidConfiguration$Druid' of type [com.example.druidconfig.config.DruidConfiguration$Druid] is not eligible for getting processed by all BeanPostProcessors (for example: not eligible for auto-proxying)
2020-03-26 15:15:55,512 [restartedMain] INFO  [o.s.c.s.PostProcessorRegistrationDelegate$BeanPostProcessorChecker] PostProcessorRegistrationDelegate.java:330 - Bean 'spring.datasource-org.springframework.boot.autoconfigure.jdbc.DataSourceProperties' of type [org.springframework.boot.autoconfigure.jdbc.DataSourceProperties] is not eligible for getting processed by all BeanPostProcessors (for example: not eligible for auto-proxying)
2020-03-26 15:15:55,562 [restartedMain] INFO  [o.s.c.s.PostProcessorRegistrationDelegate$BeanPostProcessorChecker] PostProcessorRegistrationDelegate.java:330 - Bean 'dataSource' of type [com.alibaba.druid.pool.DruidDataSource] is not eligible for getting processed by all BeanPostProcessors (for example: not eligible for auto-proxying)
2020-03-26 15:15:55,581 [restartedMain] INFO  [o.s.c.s.PostProcessorRegistrationDelegate$BeanPostProcessorChecker] PostProcessorRegistrationDelegate.java:330 - Bean 'org.springframework.boot.autoconfigure.jdbc.DataSourceInitializerInvoker' of type [org.springframework.boot.autoconfigure.jdbc.DataSourceInitializerInvoker] is not eligible for getting processed by all BeanPostProcessors (for example: not eligible for auto-proxying)
2020-03-26 15:15:55,759 [restartedMain] INFO  [o.s.c.s.PostProcessorRegistrationDelegate$BeanPostProcessorChecker] PostProcessorRegistrationDelegate.java:330 - Bean 'sqlSessionFactory' of type [org.apache.ibatis.session.defaults.DefaultSqlSessionFactory] is not eligible for getting processed by all BeanPostProcessors (for example: not eligible for auto-proxying)
2020-03-26 15:15:55,763 [restartedMain] INFO  [o.s.c.s.PostProcessorRegistrationDelegate$BeanPostProcessorChecker] PostProcessorRegistrationDelegate.java:330 - Bean 'sqlSessionTemplate' of type [org.mybatis.spring.SqlSessionTemplate] is not eligible for getting processed by all BeanPostProcessors (for example: not eligible for auto-proxying)
2020-03-26 15:15:55,765 [restartedMain] INFO  [o.s.c.s.PostProcessorRegistrationDelegate$BeanPostProcessorChecker] PostProcessorRegistrationDelegate.java:330 - Bean 'sysUserMapper' of type [org.mybatis.spring.mapper.MapperFactoryBean] is not eligible for getting processed by all BeanPostProcessors (for example: not eligible for auto-proxying)
2020-03-26 15:15:55,767 [restartedMain] INFO  [o.s.c.s.PostProcessorRegistrationDelegate$BeanPostProcessorChecker] PostProcessorRegistrationDelegate.java:330 - Bean 'sysUserMapper' of type [com.sun.proxy.$Proxy76] is not eligible for getting processed by all BeanPostProcessors (for example: not eligible for auto-proxying)
2020-03-26 15:15:55,771 [restartedMain] INFO  [o.s.c.s.PostProcessorRegistrationDelegate$BeanPostProcessorChecker] PostProcessorRegistrationDelegate.java:330 - Bean 'druid-stat-interceptor' of type [com.alibaba.druid.support.spring.stat.DruidStatInterceptor] is not eligible for getting processed by all BeanPostProcessors (for example: not eligible for auto-proxying)
2020-03-26 15:15:55,823 [restartedMain] INFO  [o.s.c.s.PostProcessorRegistrationDelegate$BeanPostProcessorChecker] PostProcessorRegistrationDelegate.java:330 - Bean 'sysMenuMapper' of type [org.mybatis.spring.mapper.MapperFactoryBean] is not eligible for getting processed by all BeanPostProcessors (for example: not eligible for auto-proxying)
2020-03-26 15:15:55,825 [restartedMain] INFO  [o.s.c.s.PostProcessorRegistrationDelegate$BeanPostProcessorChecker] PostProcessorRegistrationDelegate.java:330 - Bean 'sysMenuMapper' of type [com.sun.proxy.$Proxy78] is not eligible for getting processed by all BeanPostProcessors (for example: not eligible for auto-proxying)
2020-03-26 15:15:55,829 [restartedMain] INFO  [o.s.c.s.PostProcessorRegistrationDelegate$BeanPostProcessorChecker] PostProcessorRegistrationDelegate.java:330 - Bean 'getUserRealm' of type [com.example.shiro.UserRealm] is not eligible for getting processed by all BeanPostProcessors (for example: not eligible for auto-proxying)
2020-03-26 15:15:56,358 [restartedMain] INFO  [o.s.c.s.PostProcessorRegistrationDelegate$BeanPostProcessorChecker] PostProcessorRegistrationDelegate.java:330 - Bean 'getSecurityManager' of type [org.apache.shiro.web.mgt.DefaultWebSecurityManager] is not eligible for getting processed by all BeanPostProcessors (for example: not eligible for auto-proxying)
2020-03-26 15:15:56,368 [restartedMain] INFO  [o.s.c.s.PostProcessorRegistrationDelegate$BeanPostProcessorChecker] PostProcessorRegistrationDelegate.java:330 - Bean 'authorizationAttributeSourceAdvisor' of type [org.apache.shiro.spring.security.interceptor.AuthorizationAttributeSourceAdvisor] is not eligible for getting processed by all BeanPostProcessors (for example: not eligible for auto-proxying)
2020-03-26 15:15:56,645 [restartedMain] INFO  [o.s.boot.web.embedded.tomcat.TomcatWebServer] TomcatWebServer.java:92 - Tomcat initialized with port(s): 8081 (http)
2020-03-26 15:15:56,653 [restartedMain] INFO  [org.apache.catalina.core.StandardService] DirectJDKLog.java:173 - Starting service [Tomcat]
2020-03-26 15:15:56,654 [restartedMain] INFO  [org.apache.catalina.core.StandardEngine] DirectJDKLog.java:173 - Starting Servlet engine: [Apache Tomcat/9.0.31]
2020-03-26 15:15:56,749 [restartedMain] INFO  [o.a.c.c.C.[Tomcat].[localhost].[/shiro]] DirectJDKLog.java:173 - Initializing Spring embedded WebApplicationContext
2020-03-26 15:15:56,749 [restartedMain] INFO  [org.springframework.web.context.ContextLoader] ServletWebServerApplicationContext.java:284 - Root WebApplicationContext: initialization completed in 2440 ms
2020-03-26 15:15:57,132 [restartedMain] INFO  [o.s.scheduling.concurrent.ThreadPoolTaskExecutor] ExecutorConfigurationSupport.java:181 - Initializing ExecutorService 'applicationTaskExecutor'
2020-03-26 15:15:57,360 [restartedMain] INFO  [o.s.b.d.autoconfigure.OptionalLiveReloadServer] OptionalLiveReloadServer.java:58 - LiveReload server is running on port 35729
2020-03-26 15:15:57,404 [restartedMain] INFO  [o.s.boot.web.embedded.tomcat.TomcatWebServer] TomcatWebServer.java:204 - Tomcat started on port(s): 8081 (http) with context path '/shiro'
2020-03-26 15:15:57,406 [restartedMain] INFO  [com.example.DemoApplication] StartupInfoLogger.java:61 - Started DemoApplication in 4.086 seconds (JVM running for 5.979)
2020-03-26 15:15:57,408 [restartedMain] INFO  [com.example.DemoApplication] DemoApplication.java:23 - Spring boot启动初始化了 216 个 Bean
2020-03-26 15:15:57,409 [restartedMain] WARN  [com.example.DemoApplication] DemoApplication.java:24 - Spring boot启动初始化了 216 个 Bean
2020-03-26 15:16:38,089 [http-nio-8081-exec-1] INFO  [o.a.c.c.C.[Tomcat].[localhost].[/shiro]] DirectJDKLog.java:173 - Initializing Spring DispatcherServlet 'dispatcherServlet'
2020-03-26 15:16:38,089 [http-nio-8081-exec-1] INFO  [org.springframework.web.servlet.DispatcherServlet] FrameworkServlet.java:525 - Initializing Servlet 'dispatcherServlet'
2020-03-26 15:16:38,099 [http-nio-8081-exec-1] INFO  [org.springframework.web.servlet.DispatcherServlet] FrameworkServlet.java:547 - Completed initialization in 9 ms
2020-03-26 15:16:38,505 [http-nio-8081-exec-1] WARN  [n.sf.jasperreports.engine.export.PdfGlyphRenderer] PdfGlyphRenderer.java:64 - Unpatched iText found, cannot use glyph rendering
2020-03-26 16:59:21,463 [restartedMain] INFO  [com.example.DemoApplication] StartupInfoLogger.java:55 - Starting DemoApplication on LAPTOP-E8R9KGAS with PID 16088 (D:\IdeaProjects\demo\target\classes started by zxs in D:\IdeaProjects\demo)
2020-03-26 16:59:21,468 [restartedMain] INFO  [com.example.DemoApplication] SpringApplication.java:651 - No active profile set, falling back to default profiles: default
2020-03-26 16:59:21,534 [restartedMain] INFO  [o.s.b.d.env.DevToolsPropertyDefaultsPostProcessor] DeferredLog.java:225 - Devtools property defaults active! Set 'spring.devtools.add-properties' to 'false' to disable
2020-03-26 16:59:21,534 [restartedMain] INFO  [o.s.b.d.env.DevToolsPropertyDefaultsPostProcessor] DeferredLog.java:225 - For additional web related logging consider setting the 'logging.level.web' property to 'DEBUG'
2020-03-26 16:59:23,099 [restartedMain] INFO  [o.s.c.s.PostProcessorRegistrationDelegate$BeanPostProcessorChecker] PostProcessorRegistrationDelegate.java:330 - Bean 'druid-stat-pointcut' of type [org.springframework.aop.support.JdkRegexpMethodPointcut] is not eligible for getting processed by all BeanPostProcessors (for example: not eligible for auto-proxying)
2020-03-26 16:59:23,101 [restartedMain] INFO  [o.s.c.s.PostProcessorRegistrationDelegate$BeanPostProcessorChecker] PostProcessorRegistrationDelegate.java:330 - Bean 'org.springframework.aop.support.DefaultBeanFactoryPointcutAdvisor#0' of type [org.springframework.aop.support.DefaultBeanFactoryPointcutAdvisor] is not eligible for getting processed by all BeanPostProcessors (for example: not eligible for auto-proxying)
2020-03-26 16:59:23,148 [restartedMain] INFO  [o.s.c.s.PostProcessorRegistrationDelegate$BeanPostProcessorChecker] PostProcessorRegistrationDelegate.java:330 - Bean 'shiroConfig' of type [com.example.config.ShiroConfig$$EnhancerBySpringCGLIB$$c442dd91] is not eligible for getting processed by all BeanPostProcessors (for example: not eligible for auto-proxying)
2020-03-26 16:59:23,313 [restartedMain] INFO  [o.s.c.s.PostProcessorRegistrationDelegate$BeanPostProcessorChecker] PostProcessorRegistrationDelegate.java:330 - Bean 'mybatis-plus-com.baomidou.mybatisplus.autoconfigure.MybatisPlusProperties' of type [com.baomidou.mybatisplus.autoconfigure.MybatisPlusProperties] is not eligible for getting processed by all BeanPostProcessors (for example: not eligible for auto-proxying)
2020-03-26 16:59:23,320 [restartedMain] INFO  [o.s.c.s.PostProcessorRegistrationDelegate$BeanPostProcessorChecker] PostProcessorRegistrationDelegate.java:330 - Bean 'com.baomidou.mybatisplus.autoconfigure.MybatisPlusAutoConfiguration' of type [com.baomidou.mybatisplus.autoconfigure.MybatisPlusAutoConfiguration$$EnhancerBySpringCGLIB$$e2e5186e] is not eligible for getting processed by all BeanPostProcessors (for example: not eligible for auto-proxying)
2020-03-26 16:59:23,322 [restartedMain] INFO  [o.s.c.s.PostProcessorRegistrationDelegate$BeanPostProcessorChecker] PostProcessorRegistrationDelegate.java:330 - Bean 'com.example.druidconfig.config.DruidConfiguration$Druid' of type [com.example.druidconfig.config.DruidConfiguration$Druid] is not eligible for getting processed by all BeanPostProcessors (for example: not eligible for auto-proxying)
2020-03-26 16:59:23,332 [restartedMain] INFO  [o.s.c.s.PostProcessorRegistrationDelegate$BeanPostProcessorChecker] PostProcessorRegistrationDelegate.java:330 - Bean 'spring.datasource-org.springframework.boot.autoconfigure.jdbc.DataSourceProperties' of type [org.springframework.boot.autoconfigure.jdbc.DataSourceProperties] is not eligible for getting processed by all BeanPostProcessors (for example: not eligible for auto-proxying)
2020-03-26 16:59:23,425 [restartedMain] INFO  [o.s.c.s.PostProcessorRegistrationDelegate$BeanPostProcessorChecker] PostProcessorRegistrationDelegate.java:330 - Bean 'dataSource' of type [com.alibaba.druid.pool.DruidDataSource] is not eligible for getting processed by all BeanPostProcessors (for example: not eligible for auto-proxying)
2020-03-26 16:59:23,450 [restartedMain] INFO  [o.s.c.s.PostProcessorRegistrationDelegate$BeanPostProcessorChecker] PostProcessorRegistrationDelegate.java:330 - Bean 'org.springframework.boot.autoconfigure.jdbc.DataSourceInitializerInvoker' of type [org.springframework.boot.autoconfigure.jdbc.DataSourceInitializerInvoker] is not eligible for getting processed by all BeanPostProcessors (for example: not eligible for auto-proxying)
2020-03-26 16:59:23,763 [restartedMain] INFO  [o.s.c.s.PostProcessorRegistrationDelegate$BeanPostProcessorChecker] PostProcessorRegistrationDelegate.java:330 - Bean 'sqlSessionFactory' of type [org.apache.ibatis.session.defaults.DefaultSqlSessionFactory] is not eligible for getting processed by all BeanPostProcessors (for example: not eligible for auto-proxying)
2020-03-26 16:59:23,773 [restartedMain] INFO  [o.s.c.s.PostProcessorRegistrationDelegate$BeanPostProcessorChecker] PostProcessorRegistrationDelegate.java:330 - Bean 'sqlSessionTemplate' of type [org.mybatis.spring.SqlSessionTemplate] is not eligible for getting processed by all BeanPostProcessors (for example: not eligible for auto-proxying)
2020-03-26 16:59:23,777 [restartedMain] INFO  [o.s.c.s.PostProcessorRegistrationDelegate$BeanPostProcessorChecker] PostProcessorRegistrationDelegate.java:330 - Bean 'sysUserMapper' of type [org.mybatis.spring.mapper.MapperFactoryBean] is not eligible for getting processed by all BeanPostProcessors (for example: not eligible for auto-proxying)
2020-03-26 16:59:23,781 [restartedMain] INFO  [o.s.c.s.PostProcessorRegistrationDelegate$BeanPostProcessorChecker] PostProcessorRegistrationDelegate.java:330 - Bean 'sysUserMapper' of type [com.sun.proxy.$Proxy76] is not eligible for getting processed by all BeanPostProcessors (for example: not eligible for auto-proxying)
2020-03-26 16:59:23,788 [restartedMain] INFO  [o.s.c.s.PostProcessorRegistrationDelegate$BeanPostProcessorChecker] PostProcessorRegistrationDelegate.java:330 - Bean 'druid-stat-interceptor' of type [com.alibaba.druid.support.spring.stat.DruidStatInterceptor] is not eligible for getting processed by all BeanPostProcessors (for example: not eligible for auto-proxying)
2020-03-26 16:59:23,844 [restartedMain] INFO  [o.s.c.s.PostProcessorRegistrationDelegate$BeanPostProcessorChecker] PostProcessorRegistrationDelegate.java:330 - Bean 'sysMenuMapper' of type [org.mybatis.spring.mapper.MapperFactoryBean] is not eligible for getting processed by all BeanPostProcessors (for example: not eligible for auto-proxying)
2020-03-26 16:59:23,846 [restartedMain] INFO  [o.s.c.s.PostProcessorRegistrationDelegate$BeanPostProcessorChecker] PostProcessorRegistrationDelegate.java:330 - Bean 'sysMenuMapper' of type [com.sun.proxy.$Proxy78] is not eligible for getting processed by all BeanPostProcessors (for example: not eligible for auto-proxying)
2020-03-26 16:59:23,849 [restartedMain] INFO  [o.s.c.s.PostProcessorRegistrationDelegate$BeanPostProcessorChecker] PostProcessorRegistrationDelegate.java:330 - Bean 'getUserRealm' of type [com.example.shiro.UserRealm] is not eligible for getting processed by all BeanPostProcessors (for example: not eligible for auto-proxying)
2020-03-26 16:59:24,441 [restartedMain] INFO  [o.s.c.s.PostProcessorRegistrationDelegate$BeanPostProcessorChecker] PostProcessorRegistrationDelegate.java:330 - Bean 'getSecurityManager' of type [org.apache.shiro.web.mgt.DefaultWebSecurityManager] is not eligible for getting processed by all BeanPostProcessors (for example: not eligible for auto-proxying)
2020-03-26 16:59:24,451 [restartedMain] INFO  [o.s.c.s.PostProcessorRegistrationDelegate$BeanPostProcessorChecker] PostProcessorRegistrationDelegate.java:330 - Bean 'authorizationAttributeSourceAdvisor' of type [org.apache.shiro.spring.security.interceptor.AuthorizationAttributeSourceAdvisor] is not eligible for getting processed by all BeanPostProcessors (for example: not eligible for auto-proxying)
2020-03-26 16:59:24,739 [restartedMain] INFO  [o.s.boot.web.embedded.tomcat.TomcatWebServer] TomcatWebServer.java:92 - Tomcat initialized with port(s): 8081 (http)
2020-03-26 16:59:24,749 [restartedMain] INFO  [org.apache.catalina.core.StandardService] DirectJDKLog.java:173 - Starting service [Tomcat]
2020-03-26 16:59:24,749 [restartedMain] INFO  [org.apache.catalina.core.StandardEngine] DirectJDKLog.java:173 - Starting Servlet engine: [Apache Tomcat/9.0.31]
2020-03-26 16:59:24,856 [restartedMain] INFO  [o.a.c.c.C.[Tomcat].[localhost].[/shiro]] DirectJDKLog.java:173 - Initializing Spring embedded WebApplicationContext
2020-03-26 16:59:24,856 [restartedMain] INFO  [org.springframework.web.context.ContextLoader] ServletWebServerApplicationContext.java:284 - Root WebApplicationContext: initialization completed in 3321 ms
2020-03-26 16:59:25,268 [restartedMain] INFO  [o.s.scheduling.concurrent.ThreadPoolTaskExecutor] ExecutorConfigurationSupport.java:181 - Initializing ExecutorService 'applicationTaskExecutor'
2020-03-26 16:59:25,559 [restartedMain] INFO  [o.s.b.d.autoconfigure.OptionalLiveReloadServer] OptionalLiveReloadServer.java:58 - LiveReload server is running on port 35729
2020-03-26 16:59:25,610 [restartedMain] INFO  [o.s.boot.web.embedded.tomcat.TomcatWebServer] TomcatWebServer.java:204 - Tomcat started on port(s): 8081 (http) with context path '/shiro'
2020-03-26 16:59:25,613 [restartedMain] INFO  [com.example.DemoApplication] StartupInfoLogger.java:61 - Started DemoApplication in 4.974 seconds (JVM running for 6.59)
2020-03-26 16:59:25,615 [restartedMain] INFO  [com.example.DemoApplication] DemoApplication.java:23 - Spring boot启动初始化了 216 个 Bean
2020-03-26 16:59:25,616 [restartedMain] WARN  [com.example.DemoApplication] DemoApplication.java:24 - Spring boot启动初始化了 216 个 Bean
2020-03-26 16:59:40,524 [http-nio-8081-exec-1] INFO  [o.a.c.c.C.[Tomcat].[localhost].[/shiro]] DirectJDKLog.java:173 - Initializing Spring DispatcherServlet 'dispatcherServlet'
2020-03-26 16:59:40,525 [http-nio-8081-exec-1] INFO  [org.springframework.web.servlet.DispatcherServlet] FrameworkServlet.java:525 - Initializing Servlet 'dispatcherServlet'
2020-03-26 16:59:40,536 [http-nio-8081-exec-1] INFO  [org.springframework.web.servlet.DispatcherServlet] FrameworkServlet.java:547 - Completed initialization in 10 ms
2020-03-26 16:59:41,130 [http-nio-8081-exec-1] WARN  [n.sf.jasperreports.engine.export.PdfGlyphRenderer] PdfGlyphRenderer.java:64 - Unpatched iText found, cannot use glyph rendering
